<?xml version="1.0" encoding="UTF-8"?>
<testng-results ignored="0" total="4" passed="4" failed="0" skipped="0">
  <reporter-output>
  </reporter-output>
  <suite started-at="2025-03-05T14:09:34 IST" name="Suite" finished-at="2025-03-05T14:12:55 IST" duration-ms="201427">
    <groups>
      <group name="regressionTest">
        <method signature="CreateProductTest.CreateProductTest()[pri:0, instance:product.CreateProductTest@68c9d179]" name="CreateProductTest" class="product.CreateProductTest"/>
      </group> <!-- regressionTest -->
      <group name="smokeTest">
        <method signature="CreateCampaignWithProductTest.createCampaignWithProductTest()[pri:0, instance:campaigns.CreateCampaignWithProductTest@72c8e7b]" name="createCampaignWithProductTest" class="campaigns.CreateCampaignWithProductTest"/>
        <method signature="CreateProductTest.CreateProductTest()[pri:0, instance:product.CreateProductTest@68c9d179]" name="CreateProductTest" class="product.CreateProductTest"/>
      </group> <!-- smokeTest -->
    </groups>
    <test started-at="2025-03-05T14:09:34 IST" name="Test" finished-at="2025-03-05T14:12:55 IST" duration-ms="201427">
      <class name="product.CreateProductTest">
        <test-method is-config="true" signature="BC()[pri:0, instance:product.CreateProductTest@68c9d179]" started-at="2025-03-05T14:12:29 IST" name="BC" finished-at="2025-03-05T14:12:30 IST" duration-ms="1077" status="PASS">
          <reporter-output>
          </reporter-output>
        </test-method> <!-- BC -->
        <test-method is-config="true" signature="BM()[pri:0, instance:product.CreateProductTest@68c9d179]" started-at="2025-03-05T14:12:30 IST" name="BM" finished-at="2025-03-05T14:12:36 IST" duration-ms="5984" status="PASS">
          <reporter-output>
          </reporter-output>
        </test-method> <!-- BM -->
        <test-method signature="CreateProductTest()[pri:0, instance:product.CreateProductTest@68c9d179]" started-at="2025-03-05T14:12:36 IST" name="CreateProductTest" finished-at="2025-03-05T14:12:52 IST" duration-ms="15714" status="PASS">
          <reporter-output>
          </reporter-output>
        </test-method> <!-- CreateProductTest -->
        <test-method is-config="true" signature="AM()[pri:0, instance:product.CreateProductTest@68c9d179]" started-at="2025-03-05T14:12:52 IST" name="AM" finished-at="2025-03-05T14:12:55 IST" duration-ms="2599" status="PASS">
          <reporter-output>
          </reporter-output>
        </test-method> <!-- AM -->
        <test-method is-config="true" signature="AC()[pri:0, instance:product.CreateProductTest@68c9d179]" started-at="2025-03-05T14:12:55 IST" name="AC" finished-at="2025-03-05T14:12:55 IST" duration-ms="200" status="PASS">
          <reporter-output>
          </reporter-output>
        </test-method> <!-- AC -->
      </class> <!-- product.CreateProductTest -->
      <class name="organization.CreateOrganizationTest">
        <test-method is-config="true" signature="BC()[pri:0, instance:organization.CreateOrganizationTest@5e7cd6cc]" started-at="2025-03-05T14:12:00 IST" name="BC" finished-at="2025-03-05T14:12:01 IST" duration-ms="1067" status="PASS">
          <reporter-output>
          </reporter-output>
        </test-method> <!-- BC -->
        <test-method is-config="true" signature="BM()[pri:0, instance:organization.CreateOrganizationTest@5e7cd6cc]" started-at="2025-03-05T14:12:01 IST" name="BM" finished-at="2025-03-05T14:12:07 IST" duration-ms="6120" status="PASS">
          <reporter-output>
          </reporter-output>
        </test-method> <!-- BM -->
        <test-method signature="CreateOrganizationTest()[pri:0, instance:organization.CreateOrganizationTest@5e7cd6cc]" started-at="2025-03-05T14:12:07 IST" name="CreateOrganizationTest" finished-at="2025-03-05T14:12:27 IST" duration-ms="19405" status="PASS">
          <reporter-output>
          </reporter-output>
        </test-method> <!-- CreateOrganizationTest -->
        <test-method is-config="true" signature="AM()[pri:0, instance:organization.CreateOrganizationTest@5e7cd6cc]" started-at="2025-03-05T14:12:27 IST" name="AM" finished-at="2025-03-05T14:12:29 IST" duration-ms="2460" status="PASS">
          <reporter-output>
          </reporter-output>
        </test-method> <!-- AM -->
        <test-method is-config="true" signature="AC()[pri:0, instance:organization.CreateOrganizationTest@5e7cd6cc]" started-at="2025-03-05T14:12:29 IST" name="AC" finished-at="2025-03-05T14:12:29 IST" duration-ms="217" status="PASS">
          <reporter-output>
          </reporter-output>
        </test-method> <!-- AC -->
      </class> <!-- organization.CreateOrganizationTest -->
      <class name="campaigns.CreateCampaignsTest">
        <test-method is-config="true" signature="BC()[pri:0, instance:campaigns.CreateCampaignsTest@4b8d604b]" started-at="2025-03-05T14:11:34 IST" name="BC" finished-at="2025-03-05T14:11:35 IST" duration-ms="1142" status="PASS">
          <reporter-output>
          </reporter-output>
        </test-method> <!-- BC -->
        <test-method is-config="true" signature="BM()[pri:0, instance:campaigns.CreateCampaignsTest@4b8d604b]" started-at="2025-03-05T14:11:35 IST" name="BM" finished-at="2025-03-05T14:11:41 IST" duration-ms="6047" status="PASS">
          <reporter-output>
          </reporter-output>
        </test-method> <!-- BM -->
        <test-method signature="createCampaignsTest()[pri:0, instance:campaigns.CreateCampaignsTest@4b8d604b]" started-at="2025-03-05T14:11:41 IST" name="createCampaignsTest" finished-at="2025-03-05T14:11:57 IST" duration-ms="16128" status="PASS">
          <reporter-output>
          </reporter-output>
        </test-method> <!-- createCampaignsTest -->
        <test-method is-config="true" signature="AM()[pri:0, instance:campaigns.CreateCampaignsTest@4b8d604b]" started-at="2025-03-05T14:11:57 IST" name="AM" finished-at="2025-03-05T14:12:00 IST" duration-ms="2741" status="PASS">
          <reporter-output>
          </reporter-output>
        </test-method> <!-- AM -->
        <test-method is-config="true" signature="AC()[pri:0, instance:campaigns.CreateCampaignsTest@4b8d604b]" started-at="2025-03-05T14:12:00 IST" name="AC" finished-at="2025-03-05T14:12:00 IST" duration-ms="302" status="PASS">
          <reporter-output>
          </reporter-output>
        </test-method> <!-- AC -->
      </class> <!-- campaigns.CreateCampaignsTest -->
      <class name="campaigns.CreateCampaignWithProductTest">
        <test-method is-config="true" signature="BS()[pri:0, instance:campaigns.CreateCampaignWithProductTest@72c8e7b]" started-at="2025-03-05T14:09:34 IST" name="BS" finished-at="2025-03-05T14:09:34 IST" duration-ms="17" status="PASS">
          <reporter-output>
          </reporter-output>
        </test-method> <!-- BS -->
        <test-method is-config="true" signature="BT()[pri:0, instance:campaigns.CreateCampaignWithProductTest@72c8e7b]" started-at="2025-03-05T14:09:34 IST" name="BT" finished-at="2025-03-05T14:09:34 IST" duration-ms="0" status="PASS">
          <reporter-output>
          </reporter-output>
        </test-method> <!-- BT -->
        <test-method is-config="true" signature="BC()[pri:0, instance:campaigns.CreateCampaignWithProductTest@72c8e7b]" started-at="2025-03-05T14:09:34 IST" name="BC" finished-at="2025-03-05T14:09:36 IST" duration-ms="2460" status="PASS">
          <reporter-output>
          </reporter-output>
        </test-method> <!-- BC -->
        <test-method is-config="true" signature="BM()[pri:0, instance:campaigns.CreateCampaignWithProductTest@72c8e7b]" started-at="2025-03-05T14:09:36 IST" name="BM" finished-at="2025-03-05T14:10:07 IST" duration-ms="31411" status="PASS">
          <reporter-output>
          </reporter-output>
        </test-method> <!-- BM -->
        <test-method signature="createCampaignWithProductTest()[pri:0, instance:campaigns.CreateCampaignWithProductTest@72c8e7b]" started-at="2025-03-05T14:10:07 IST" name="createCampaignWithProductTest" finished-at="2025-03-05T14:11:29 IST" duration-ms="81247" status="PASS">
          <reporter-output>
          </reporter-output>
        </test-method> <!-- createCampaignWithProductTest -->
        <test-method is-config="true" signature="AM()[pri:0, instance:campaigns.CreateCampaignWithProductTest@72c8e7b]" started-at="2025-03-05T14:11:29 IST" name="AM" finished-at="2025-03-05T14:11:33 IST" duration-ms="4682" status="PASS">
          <reporter-output>
          </reporter-output>
        </test-method> <!-- AM -->
        <test-method is-config="true" signature="AC()[pri:0, instance:campaigns.CreateCampaignWithProductTest@72c8e7b]" started-at="2025-03-05T14:11:33 IST" name="AC" finished-at="2025-03-05T14:11:34 IST" duration-ms="338" status="PASS">
          <reporter-output>
          </reporter-output>
        </test-method> <!-- AC -->
        <test-method is-config="true" signature="AT()[pri:0, instance:campaigns.CreateCampaignWithProductTest@72c8e7b]" started-at="2025-03-05T14:12:55 IST" name="AT" finished-at="2025-03-05T14:12:55 IST" duration-ms="0" status="PASS">
          <reporter-output>
          </reporter-output>
        </test-method> <!-- AT -->
        <test-method is-config="true" signature="AS()[pri:0, instance:campaigns.CreateCampaignWithProductTest@72c8e7b]" started-at="2025-03-05T14:12:55 IST" name="AS" finished-at="2025-03-05T14:12:55 IST" duration-ms="2" status="PASS">
          <reporter-output>
          </reporter-output>
        </test-method> <!-- AS -->
      </class> <!-- campaigns.CreateCampaignWithProductTest -->
    </test> <!-- Test -->
  </suite> <!-- Suite -->
</testng-results>
